<?xml version="1.0" encoding="UTF-8"?>
<testsuite xmlns:xsi="http://www.w3.org/2001/XMLSchema-instance" xsi:noNamespaceSchemaLocation="https://maven.apache.org/surefire/maven-surefire-plugin/xsd/surefire-test-report-3.0.xsd" version="3.0" name="hellocucumber.RunCucumberTest" time="0.434" tests="1" errors="0" skipped="0" failures="0">
  <properties>
[...]
</properties>
  <testcase name="Escenario 1" classname="Is it Friday yet?" time="0.163">
    <system-out><![CDATA[
@tag @tag1
Scenario: Escenario 1    &amp#27;[90m# hellocucumber/is_it_friday_yet.feature:24&amp#27;[0m
  &amp#27;[32mGiven &amp#27;[0m&amp#27;[32mTOday is Sunday&amp#27;[0m  &amp#27;[90m# hellocucumber.StepDefinitions.t_oday_is_sunday()&amp#27;[0m
  &amp#27;[32mWhen &amp#27;[0m&amp#27;[32mI ask&amp#27;[0m             &amp#27;[90m# hellocucumber.StepDefinitions.i_ask()&amp#27;[0m
  &amp#27;[32mThen &amp#27;[0m&amp#27;[32mtold not &amp#27;[0m&amp#27;[32m&amp#27;[1m"Friday"&amp#27;[0m &amp#27;[90m# hellocucumber.StepDefinitions.told_not(java.lang.String)&amp#27;[0m
]]></system-out>
  </testcase>
</testsuite>